<?xml version="1.0" encoding="UTF-8"?>
<testng-results ignored="0" total="1" passed="1" failed="0" skipped="0">
  <reporter-output>
  </reporter-output>
  <suite started-at="2025-11-19T14:03:31 IST" name="Default suite" finished-at="2025-11-19T14:03:31 IST" duration-ms="379">
    <groups>
    </groups>
    <test started-at="2025-11-19T14:03:31 IST" name="Default test" finished-at="2025-11-19T14:03:31 IST" duration-ms="379">
      <class name="seleniumBasics.TestngAnnotations">
        <test-method is-config="true" signature="beforeSuite()[pri:0, instance:seleniumBasics.TestngAnnotations@1573f9fc]" started-at="2025-11-19T14:03:31 IST" name="beforeSuite" finished-at="2025-11-19T14:03:31 IST" duration-ms="46" status="PASS">
          <reporter-output>
          </reporter-output>
        </test-method> <!-- beforeSuite -->
        <test-method is-config="true" signature="beforeTest()[pri:0, instance:seleniumBasics.TestngAnnotations@1573f9fc]" started-at="2025-11-19T14:03:31 IST" name="beforeTest" finished-at="2025-11-19T14:03:31 IST" duration-ms="7" status="PASS">
          <reporter-output>
          </reporter-output>
        </test-method> <!-- beforeTest -->
        <test-method is-config="true" signature="beforeClass()[pri:0, instance:seleniumBasics.TestngAnnotations@1573f9fc]" started-at="2025-11-19T14:03:31 IST" name="beforeClass" finished-at="2025-11-19T14:03:31 IST" duration-ms="4" status="PASS">
          <reporter-output>
          </reporter-output>
        </test-method> <!-- beforeClass -->
        <test-method is-config="true" signature="beforeMethodSample()[pri:0, instance:seleniumBasics.TestngAnnotations@1573f9fc]" started-at="2025-11-19T14:03:31 IST" name="beforeMethodSample" finished-at="2025-11-19T14:03:31 IST" duration-ms="13" status="PASS">
          <reporter-output>
          </reporter-output>
        </test-method> <!-- beforeMethodSample -->
        <test-method signature="sampleTestCase()[pri:0, instance:seleniumBasics.TestngAnnotations@1573f9fc]" started-at="2025-11-19T14:03:31 IST" name="sampleTestCase" finished-at="2025-11-19T14:03:31 IST" duration-ms="60" status="PASS">
          <reporter-output>
          </reporter-output>
        </test-method> <!-- sampleTestCase -->
        <test-method is-config="true" signature="afterMethodSample()[pri:0, instance:seleniumBasics.TestngAnnotations@1573f9fc]" started-at="2025-11-19T14:03:31 IST" name="afterMethodSample" finished-at="2025-11-19T14:03:31 IST" duration-ms="9" status="PASS">
          <reporter-output>
          </reporter-output>
        </test-method> <!-- afterMethodSample -->
        <test-method is-config="true" signature="afterClass()[pri:0, instance:seleniumBasics.TestngAnnotations@1573f9fc]" started-at="2025-11-19T14:03:31 IST" name="afterClass" finished-at="2025-11-19T14:03:31 IST" duration-ms="7" status="PASS">
          <reporter-output>
          </reporter-output>
        </test-method> <!-- afterClass -->
        <test-method is-config="true" signature="afterTest()[pri:0, instance:seleniumBasics.TestngAnnotations@1573f9fc]" started-at="2025-11-19T14:03:31 IST" name="afterTest" finished-at="2025-11-19T14:03:31 IST" duration-ms="1" status="PASS">
          <reporter-output>
          </reporter-output>
        </test-method> <!-- afterTest -->
        <test-method is-config="true" signature="afterSuite()[pri:0, instance:seleniumBasics.TestngAnnotations@1573f9fc]" started-at="2025-11-19T14:03:32 IST" name="afterSuite" finished-at="2025-11-19T14:03:32 IST" duration-ms="4" status="PASS">
          <reporter-output>
          </reporter-output>
        </test-method> <!-- afterSuite -->
      </class> <!-- seleniumBasics.TestngAnnotations -->
    </test> <!-- Default test -->
  </suite> <!-- Default suite -->
</testng-results>
